<?xml version="1.0" encoding="UTF-8"?>
<!-- Generated by org.testng.reporters.JUnitReportReporter -->
<testsuite hostname="OSXs-MacBook-Pro.local" failures="0" tests="3" name="myStore.test.HomeTest" time="15.769" errors="0" timestamp="2020-04-12T11:04:49 CEST" skipped="0">
  <testcase classname="myStore.test.HomeTest" name="testWomenSubmenu" time="6.419"/>
  <system-out/>
  <testcase classname="myStore.test.HomeTest" name="testDressesSubmenu" time="2.641"/>
  <system-out/>
  <testcase classname="myStore.test.HomeTest" name="testFinalUrl" time="6.709"/>
  <system-out/>
</testsuite> <!-- myStore.test.HomeTest -->
