<?xml version="1.0" encoding="UTF-8"?>
<!-- Generated by org.testng.reporters.JUnitReportReporter -->
<testsuite hostname="OSXs-MacBook-Pro.local" failures="0" tests="3" name="myStore.test.RegistrationTest" time="469.892" errors="0" timestamp="2020-04-12T10:42:01 CEST" skipped="0">
  <testcase classname="myStore.test.RegistrationTest" name="testGoToRegPage" time="16.256"/>
  <system-out/>
  <testcase classname="myStore.test.RegistrationTest" name="testCustomerRegistration" time="11.979"/>
  <system-out/>
  <testcase classname="myStore.test.RegistrationTest" name="registrationTestGroup30" time="441.657"/>
  <system-out/>
</testsuite> <!-- myStore.test.RegistrationTest -->
