<?xml version="1.0" encoding="UTF-8"?>
<!-- Generated by org.testng.reporters.JUnitReportReporter -->
<testsuite hostname="OSXs-MacBook-Pro.local" failures="0" tests="2" name="myStore.test.AddToCartTest" time="15.736" errors="0" timestamp="2020-04-12T11:04:49 CEST" skipped="0">
  <testcase classname="myStore.test.AddToCartTest" name="testAddToCart" time="11.584"/>
  <system-out/>
  <testcase classname="myStore.test.AddToCartTest" name="testProceedToCheckoutBtn" time="4.152"/>
  <system-out/>
</testsuite> <!-- myStore.test.AddToCartTest -->
