<?xml version="1.0" encoding="UTF-8"?>
<!-- Generated by org.testng.reporters.JUnitReportReporter -->
<testsuite hostname="OSXs-MacBook-Pro.local" failures="0" tests="1" name="myStore.test.SumerDressesTest" time="7.659" errors="0" timestamp="2020-04-08T13:53:11 CEST" skipped="0">
  <testcase classname="myStore.test.SumerDressesTest" name="testChoosingFirstDress" time="7.659"/>
  <system-out/>
</testsuite> <!-- myStore.test.SumerDressesTest -->
