<?xml version="1.0" encoding="UTF-8"?>
<!-- Generated by org.testng.reporters.JUnitReportReporter -->
<testsuite hostname="OSXs-MacBook-Pro.local" failures="0" tests="1" name="myStore.test.SummerDressesTest" time="10.934" errors="0" timestamp="2020-04-12T11:04:49 CEST" skipped="0">
  <testcase classname="myStore.test.SummerDressesTest" name="testChoosingFirstDress" time="10.934"/>
  <system-out/>
</testsuite> <!-- myStore.test.SummerDressesTest -->
